<?xml version="1.0" encoding="UTF-8"?>
<!-- Generated by org.testng.reporters.JUnitReportReporter -->
<testsuite hostname="AngelsDen" failures="0" tests="6" name="com.trainermgm.scripts.TestCases" time="11.583" errors="0" timestamp="2022-08-29T15:36:46 IST" skipped="5">
  <testcase classname="com.trainermgm.scripts.TestCases" name="verifyViewAllocation" time="11.583"/>
  <system-out/>
  <testcase classname="com.trainermgm.scripts.TestCases" name="validSignUp">
    <skipped/>
  </testcase> <!-- validSignUp -->
  <system-out/>
  <testcase classname="com.trainermgm.scripts.TestCases" name="verifyValidLogin">
    <skipped/>
  </testcase> <!-- verifyValidLogin -->
  <system-out/>
  <testcase classname="com.trainermgm.scripts.TestCases" name="approveTrainer">
    <skipped/>
  </testcase> <!-- approveTrainer -->
  <system-out/>
  <testcase classname="com.trainermgm.scripts.TestCases" name="verifyHome">
    <skipped/>
  </testcase> <!-- verifyHome -->
  <system-out/>
  <testcase classname="com.trainermgm.scripts.TestCases" name="verifyAllocate">
    <skipped/>
  </testcase> <!-- verifyAllocate -->
  <system-out/>
</testsuite> <!-- com.trainermgm.scripts.TestCases -->
