<?xml version="1.0" encoding="UTF-8"?>
<!-- Generated by org.testng.reporters.JUnitReportReporter -->
<testsuite hostname="AngelsDen" failures="0" tests="1" name="com.trainermgm.scripts.TestCases" time="31.508" errors="0" timestamp="2022-09-09T14:29:12 IST" skipped="0">
  <testcase classname="com.trainermgm.scripts.TestCases" name="verifySignUpAccess_REQ01_T1" time="31.508"/>
  <system-out/>
</testsuite> <!-- com.trainermgm.scripts.TestCases -->
