<?xml version="1.0" encoding="UTF-8"?>
<!-- Generated by org.testng.reporters.JUnitReportReporter -->
<testsuite hostname="AngelsDen" failures="0" tests="1" name="com.trainermgm.scripts.TestCases" time="7.382" errors="0" timestamp="2022-08-23T03:27:24 IST" skipped="0">
  <testcase classname="com.trainermgm.scripts.TestCases" name="verifyValidLogin" time="7.382"/>
  <system-out/>
</testsuite> <!-- com.trainermgm.scripts.TestCases -->
